Determining if the pthread_create exist failed with the following output:
Change Dir: /home/baiguera/Dropbox/Cpp_db/PCL_FullTutorial/build/CMakeFiles/CMakeTmp

Run Build Command:"/usr/bin/make" "cmTC_0e4e5/fast"
/usr/bin/make -f CMakeFiles/cmTC_0e4e5.dir/build.make CMakeFiles/cmTC_0e4e5.dir/build
make[1]: ingresso nella directory "/home/baiguera/Dropbox/Cpp_db/PCL_FullTutorial/build/CMakeFiles/CMakeTmp"
Building C object CMakeFiles/cmTC_0e4e5.dir/CheckSymbolExists.c.o
/usr/bin/cc     -o CMakeFiles/cmTC_0e4e5.dir/CheckSymbolExists.c.o   -c /home/baiguera/Dropbox/Cpp_db/PCL_FullTutorial/build/CMakeFiles/CMakeTmp/CheckSymbolExists.c
Linking C executable cmTC_0e4e5
/usr/bin/cmake -E cmake_link_script CMakeFiles/cmTC_0e4e5.dir/link.txt --verbose=1
/usr/bin/cc       CMakeFiles/cmTC_0e4e5.dir/CheckSymbolExists.c.o  -o cmTC_0e4e5 -rdynamic 
CMakeFiles/cmTC_0e4e5.dir/CheckSymbolExists.c.o: nella funzione "main":
CheckSymbolExists.c:(.text+0x16): riferimento non definito a "pthread_create"
collect2: error: ld returned 1 exit status
CMakeFiles/cmTC_0e4e5.dir/build.make:97: set di istruzioni per l'obiettivo "cmTC_0e4e5" non riuscito
make[1]: *** [cmTC_0e4e5] Errore 1
make[1]: uscita dalla directory "/home/baiguera/Dropbox/Cpp_db/PCL_FullTutorial/build/CMakeFiles/CMakeTmp"
Makefile:126: set di istruzioni per l'obiettivo "cmTC_0e4e5/fast" non riuscito
make: *** [cmTC_0e4e5/fast] Errore 2

File /home/baiguera/Dropbox/Cpp_db/PCL_FullTutorial/build/CMakeFiles/CMakeTmp/CheckSymbolExists.c:
/* */
#include <pthread.h>

int main(int argc, char** argv)
{
  (void)argv;
#ifndef pthread_create
  return ((int*)(&pthread_create))[argc];
#else
  (void)argc;
  return 0;
#endif
}

Determining if the function pthread_create exists in the pthreads failed with the following output:
Change Dir: /home/baiguera/Dropbox/Cpp_db/PCL_FullTutorial/build/CMakeFiles/CMakeTmp

Run Build Command:"/usr/bin/make" "cmTC_e5613/fast"
/usr/bin/make -f CMakeFiles/cmTC_e5613.dir/build.make CMakeFiles/cmTC_e5613.dir/build
make[1]: ingresso nella directory "/home/baiguera/Dropbox/Cpp_db/PCL_FullTutorial/build/CMakeFiles/CMakeTmp"
Building C object CMakeFiles/cmTC_e5613.dir/CheckFunctionExists.c.o
/usr/bin/cc    -DCHECK_FUNCTION_EXISTS=pthread_create   -o CMakeFiles/cmTC_e5613.dir/CheckFunctionExists.c.o   -c /usr/share/cmake-3.5/Modules/CheckFunctionExists.c
Linking C executable cmTC_e5613
/usr/bin/cmake -E cmake_link_script CMakeFiles/cmTC_e5613.dir/link.txt --verbose=1
/usr/bin/cc   -DCHECK_FUNCTION_EXISTS=pthread_create    CMakeFiles/cmTC_e5613.dir/CheckFunctionExists.c.o  -o cmTC_e5613 -rdynamic -lpthreads 
/usr/bin/ld: impossibile trovare -lpthreads
collect2: error: ld returned 1 exit status
CMakeFiles/cmTC_e5613.dir/build.make:97: set di istruzioni per l'obiettivo "cmTC_e5613" non riuscito
make[1]: *** [cmTC_e5613] Errore 1
make[1]: uscita dalla directory "/home/baiguera/Dropbox/Cpp_db/PCL_FullTutorial/build/CMakeFiles/CMakeTmp"
Makefile:126: set di istruzioni per l'obiettivo "cmTC_e5613/fast" non riuscito
make: *** [cmTC_e5613/fast] Errore 2


