Compiling the CXX compiler identification source file "CMakeCXXCompilerId.cpp" failed.
Compiler: /Applications/Xcode.app/Contents/Developer/Toolchains/XcodeDefault.xctoolchain/usr/bin/c++ 
Build flags: ;-std=;c++11
Id flags:  

The output was:
1
clang: error: no such file or directory: 'c++11'


Compiling the CXX compiler identification source file "CMakeCXXCompilerId.cpp" failed.
Compiler: /Applications/Xcode.app/Contents/Developer/Toolchains/XcodeDefault.xctoolchain/usr/bin/c++ 
Build flags: ;-std=;c++11
Id flags: -c 

The output was:
1
clang: error: no such file or directory: 'c++11'


Compiling the CXX compiler identification source file "CMakeCXXCompilerId.cpp" failed.
Compiler: /Applications/Xcode.app/Contents/Developer/Toolchains/XcodeDefault.xctoolchain/usr/bin/c++ 
Build flags: ;-std=;c++11
Id flags: --c++ 

The output was:
1
clang: error: unsupported option '--c++'
clang: error: no such file or directory: 'c++11'


Compiling the CXX compiler identification source file "CMakeCXXCompilerId.cpp" failed.
Compiler: /Applications/Xcode.app/Contents/Developer/Toolchains/XcodeDefault.xctoolchain/usr/bin/c++ 
Build flags: ;-std=;c++11
Id flags: --ec++ 

The output was:
1
clang: error: unsupported option '--ec++'
clang: error: no such file or directory: 'c++11'


