Determining if the pthread_create exist failed with the following output:
Change Dir: /home/baiguera/Dropbox/Cpp_db/PCL_FullTutorial/CMakeFiles/CMakeTmp

Run Build Command:"/usr/bin/make" "cmTC_5980a/fast"
/usr/bin/make -f CMakeFiles/cmTC_5980a.dir/build.make CMakeFiles/cmTC_5980a.dir/build
make[1]: ingresso nella directory "/home/baiguera/Dropbox/Cpp_db/PCL_FullTutorial/CMakeFiles/CMakeTmp"
Building C object CMakeFiles/cmTC_5980a.dir/CheckSymbolExists.c.o
/usr/bin/cc     -o CMakeFiles/cmTC_5980a.dir/CheckSymbolExists.c.o   -c /home/baiguera/Dropbox/Cpp_db/PCL_FullTutorial/CMakeFiles/CMakeTmp/CheckSymbolExists.c
Linking C executable cmTC_5980a
/usr/bin/cmake -E cmake_link_script CMakeFiles/cmTC_5980a.dir/link.txt --verbose=1
/usr/bin/cc       CMakeFiles/cmTC_5980a.dir/CheckSymbolExists.c.o  -o cmTC_5980a -rdynamic 
CMakeFiles/cmTC_5980a.dir/CheckSymbolExists.c.o: nella funzione "main":
CheckSymbolExists.c:(.text+0x16): riferimento non definito a "pthread_create"
collect2: error: ld returned 1 exit status
CMakeFiles/cmTC_5980a.dir/build.make:97: set di istruzioni per l'obiettivo "cmTC_5980a" non riuscito
make[1]: *** [cmTC_5980a] Errore 1
make[1]: uscita dalla directory "/home/baiguera/Dropbox/Cpp_db/PCL_FullTutorial/CMakeFiles/CMakeTmp"
Makefile:126: set di istruzioni per l'obiettivo "cmTC_5980a/fast" non riuscito
make: *** [cmTC_5980a/fast] Errore 2

File /home/baiguera/Dropbox/Cpp_db/PCL_FullTutorial/CMakeFiles/CMakeTmp/CheckSymbolExists.c:
/* */
#include <pthread.h>

int main(int argc, char** argv)
{
  (void)argv;
#ifndef pthread_create
  return ((int*)(&pthread_create))[argc];
#else
  (void)argc;
  return 0;
#endif
}

Determining if the function pthread_create exists in the pthreads failed with the following output:
Change Dir: /home/baiguera/Dropbox/Cpp_db/PCL_FullTutorial/CMakeFiles/CMakeTmp

Run Build Command:"/usr/bin/make" "cmTC_cda80/fast"
/usr/bin/make -f CMakeFiles/cmTC_cda80.dir/build.make CMakeFiles/cmTC_cda80.dir/build
make[1]: ingresso nella directory "/home/baiguera/Dropbox/Cpp_db/PCL_FullTutorial/CMakeFiles/CMakeTmp"
Building C object CMakeFiles/cmTC_cda80.dir/CheckFunctionExists.c.o
/usr/bin/cc    -DCHECK_FUNCTION_EXISTS=pthread_create   -o CMakeFiles/cmTC_cda80.dir/CheckFunctionExists.c.o   -c /usr/share/cmake-3.5/Modules/CheckFunctionExists.c
Linking C executable cmTC_cda80
/usr/bin/cmake -E cmake_link_script CMakeFiles/cmTC_cda80.dir/link.txt --verbose=1
/usr/bin/cc   -DCHECK_FUNCTION_EXISTS=pthread_create    CMakeFiles/cmTC_cda80.dir/CheckFunctionExists.c.o  -o cmTC_cda80 -rdynamic -lpthreads 
/usr/bin/ld: impossibile trovare -lpthreads
collect2: error: ld returned 1 exit status
CMakeFiles/cmTC_cda80.dir/build.make:97: set di istruzioni per l'obiettivo "cmTC_cda80" non riuscito
make[1]: *** [cmTC_cda80] Errore 1
make[1]: uscita dalla directory "/home/baiguera/Dropbox/Cpp_db/PCL_FullTutorial/CMakeFiles/CMakeTmp"
Makefile:126: set di istruzioni per l'obiettivo "cmTC_cda80/fast" non riuscito
make: *** [cmTC_cda80/fast] Errore 2


