Determining if the pthread_create exist failed with the following output:
Change Dir: /home/baiguera/Dropbox/Cpp_db/Bunny_PCL/CMakeFiles/CMakeTmp

Run Build Command:"/usr/bin/make" "cmTC_5dfd5/fast"
/usr/bin/make -f CMakeFiles/cmTC_5dfd5.dir/build.make CMakeFiles/cmTC_5dfd5.dir/build
make[1]: ingresso nella directory "/home/baiguera/Dropbox/Cpp_db/Bunny_PCL/CMakeFiles/CMakeTmp"
Building C object CMakeFiles/cmTC_5dfd5.dir/CheckSymbolExists.c.o
/usr/bin/cc     -o CMakeFiles/cmTC_5dfd5.dir/CheckSymbolExists.c.o   -c /home/baiguera/Dropbox/Cpp_db/Bunny_PCL/CMakeFiles/CMakeTmp/CheckSymbolExists.c
Linking C executable cmTC_5dfd5
/usr/bin/cmake -E cmake_link_script CMakeFiles/cmTC_5dfd5.dir/link.txt --verbose=1
/usr/bin/cc       CMakeFiles/cmTC_5dfd5.dir/CheckSymbolExists.c.o  -o cmTC_5dfd5 -rdynamic 
CMakeFiles/cmTC_5dfd5.dir/CheckSymbolExists.c.o: nella funzione "main":
CheckSymbolExists.c:(.text+0x16): riferimento non definito a "pthread_create"
collect2: error: ld returned 1 exit status
CMakeFiles/cmTC_5dfd5.dir/build.make:97: set di istruzioni per l'obiettivo "cmTC_5dfd5" non riuscito
make[1]: *** [cmTC_5dfd5] Errore 1
make[1]: uscita dalla directory "/home/baiguera/Dropbox/Cpp_db/Bunny_PCL/CMakeFiles/CMakeTmp"
Makefile:126: set di istruzioni per l'obiettivo "cmTC_5dfd5/fast" non riuscito
make: *** [cmTC_5dfd5/fast] Errore 2

File /home/baiguera/Dropbox/Cpp_db/Bunny_PCL/CMakeFiles/CMakeTmp/CheckSymbolExists.c:
/* */
#include <pthread.h>

int main(int argc, char** argv)
{
  (void)argv;
#ifndef pthread_create
  return ((int*)(&pthread_create))[argc];
#else
  (void)argc;
  return 0;
#endif
}

Determining if the function pthread_create exists in the pthreads failed with the following output:
Change Dir: /home/baiguera/Dropbox/Cpp_db/Bunny_PCL/CMakeFiles/CMakeTmp

Run Build Command:"/usr/bin/make" "cmTC_b9f89/fast"
/usr/bin/make -f CMakeFiles/cmTC_b9f89.dir/build.make CMakeFiles/cmTC_b9f89.dir/build
make[1]: ingresso nella directory "/home/baiguera/Dropbox/Cpp_db/Bunny_PCL/CMakeFiles/CMakeTmp"
Building C object CMakeFiles/cmTC_b9f89.dir/CheckFunctionExists.c.o
/usr/bin/cc    -DCHECK_FUNCTION_EXISTS=pthread_create   -o CMakeFiles/cmTC_b9f89.dir/CheckFunctionExists.c.o   -c /usr/share/cmake-3.5/Modules/CheckFunctionExists.c
Linking C executable cmTC_b9f89
/usr/bin/cmake -E cmake_link_script CMakeFiles/cmTC_b9f89.dir/link.txt --verbose=1
/usr/bin/cc   -DCHECK_FUNCTION_EXISTS=pthread_create    CMakeFiles/cmTC_b9f89.dir/CheckFunctionExists.c.o  -o cmTC_b9f89 -rdynamic -lpthreads 
/usr/bin/ld: impossibile trovare -lpthreads
collect2: error: ld returned 1 exit status
CMakeFiles/cmTC_b9f89.dir/build.make:97: set di istruzioni per l'obiettivo "cmTC_b9f89" non riuscito
make[1]: *** [cmTC_b9f89] Errore 1
make[1]: uscita dalla directory "/home/baiguera/Dropbox/Cpp_db/Bunny_PCL/CMakeFiles/CMakeTmp"
Makefile:126: set di istruzioni per l'obiettivo "cmTC_b9f89/fast" non riuscito
make: *** [cmTC_b9f89/fast] Errore 2


Determining if the pthread_create exist failed with the following output:
Change Dir: /home/baiguera/Dropbox/Cpp_db/PCL_Bunny/CMakeFiles/CMakeTmp

Run Build Command:"/usr/bin/make" "cmTC_5da57/fast"
/usr/bin/make -f CMakeFiles/cmTC_5da57.dir/build.make CMakeFiles/cmTC_5da57.dir/build
make[1]: ingresso nella directory "/home/baiguera/Dropbox/Cpp_db/PCL_Bunny/CMakeFiles/CMakeTmp"
Building C object CMakeFiles/cmTC_5da57.dir/CheckSymbolExists.c.o
/usr/bin/cc     -o CMakeFiles/cmTC_5da57.dir/CheckSymbolExists.c.o   -c /home/baiguera/Dropbox/Cpp_db/PCL_Bunny/CMakeFiles/CMakeTmp/CheckSymbolExists.c
Linking C executable cmTC_5da57
/usr/bin/cmake -E cmake_link_script CMakeFiles/cmTC_5da57.dir/link.txt --verbose=1
/usr/bin/cc       CMakeFiles/cmTC_5da57.dir/CheckSymbolExists.c.o  -o cmTC_5da57 -rdynamic 
CMakeFiles/cmTC_5da57.dir/CheckSymbolExists.c.o: nella funzione "main":
CheckSymbolExists.c:(.text+0x16): riferimento non definito a "pthread_create"
collect2: error: ld returned 1 exit status
CMakeFiles/cmTC_5da57.dir/build.make:97: set di istruzioni per l'obiettivo "cmTC_5da57" non riuscito
make[1]: *** [cmTC_5da57] Errore 1
make[1]: uscita dalla directory "/home/baiguera/Dropbox/Cpp_db/PCL_Bunny/CMakeFiles/CMakeTmp"
Makefile:126: set di istruzioni per l'obiettivo "cmTC_5da57/fast" non riuscito
make: *** [cmTC_5da57/fast] Errore 2

File /home/baiguera/Dropbox/Cpp_db/PCL_Bunny/CMakeFiles/CMakeTmp/CheckSymbolExists.c:
/* */
#include <pthread.h>

int main(int argc, char** argv)
{
  (void)argv;
#ifndef pthread_create
  return ((int*)(&pthread_create))[argc];
#else
  (void)argc;
  return 0;
#endif
}

Determining if the function pthread_create exists in the pthreads failed with the following output:
Change Dir: /home/baiguera/Dropbox/Cpp_db/PCL_Bunny/CMakeFiles/CMakeTmp

Run Build Command:"/usr/bin/make" "cmTC_27506/fast"
/usr/bin/make -f CMakeFiles/cmTC_27506.dir/build.make CMakeFiles/cmTC_27506.dir/build
make[1]: ingresso nella directory "/home/baiguera/Dropbox/Cpp_db/PCL_Bunny/CMakeFiles/CMakeTmp"
Building C object CMakeFiles/cmTC_27506.dir/CheckFunctionExists.c.o
/usr/bin/cc    -DCHECK_FUNCTION_EXISTS=pthread_create   -o CMakeFiles/cmTC_27506.dir/CheckFunctionExists.c.o   -c /usr/share/cmake-3.5/Modules/CheckFunctionExists.c
Linking C executable cmTC_27506
/usr/bin/cmake -E cmake_link_script CMakeFiles/cmTC_27506.dir/link.txt --verbose=1
/usr/bin/cc   -DCHECK_FUNCTION_EXISTS=pthread_create    CMakeFiles/cmTC_27506.dir/CheckFunctionExists.c.o  -o cmTC_27506 -rdynamic -lpthreads 
/usr/bin/ld: impossibile trovare -lpthreads
collect2: error: ld returned 1 exit status
CMakeFiles/cmTC_27506.dir/build.make:97: set di istruzioni per l'obiettivo "cmTC_27506" non riuscito
make[1]: *** [cmTC_27506] Errore 1
make[1]: uscita dalla directory "/home/baiguera/Dropbox/Cpp_db/PCL_Bunny/CMakeFiles/CMakeTmp"
Makefile:126: set di istruzioni per l'obiettivo "cmTC_27506/fast" non riuscito
make: *** [cmTC_27506/fast] Errore 2


